[debug] > Exec(early(addDefaultCommands), None, None)
[debug] > Exec(addDefaultCommands, None, None)
[debug] > Exec(early(initialize), None, None)
[debug] > Exec(initialize, None, None)
[debug] > Exec(boot, None, None)
[debug] > Exec(writeSbtVersion, None, None)
[debug] > Exec(reload, None, None)
[debug] > Exec(sbtStashOnFailure, None, None)
[debug] > Exec(onFailure loadFailed, None, None)
[debug] > Exec(loadp, None, None)
[info] welcome to sbt 1.7.0 (Oracle Corporation Java 1.8.0_333)
[debug]       Load.loadUnit: plugins took 135.1336ms
[debug]       Load.loadUnit: defsScala took 0.482ms
[debug] [Loading] Scanning directory C:\Users\DELL\.sbt\1.0\plugins
[debug] [Loading] Found non-root projects 
[debug] [Loading] Done in C:\Users\DELL\.sbt\1.0\plugins, returning: ()
[debug] deducing auto plugins based on known facts Set(Atom(sbt.plugins.CorePlugin)) and clauses Clauses(Clause(Atom(sbt.plugins.JvmPlugin),Set(Atom(sbt.plugins.IvyPlugin)))
[debug] Clause(Atom(sbt.ScriptedPlugin),Set(Atom(sbt.plugins.JvmPlugin)))
[debug] Clause(Atom(sbt.plugins.SbtPlugin),Set(Atom(sbt.ScriptedPlugin)))
[debug] Clause(Atom(sbt.plugins.SemanticdbPlugin),Set(Atom(sbt.plugins.JvmPlugin)))
[debug] Clause(Atom(sbt.plugins.JUnitXmlReportPlugin),Set(Atom(sbt.plugins.JvmPlugin)))
[debug] Clause(Atom(sbt.plugins.MiniDependencyTreePlugin),Set(Atom(sbt.plugins.JvmPlugin)))
[debug] Clause(Atom(sbt.plugins.CorePlugin),Set(Atom(sbt.plugins.IvyPlugin)))
[debug] Clause(Atom(sbt.plugins.IvyPlugin),Set(Atom(sbt.plugins.JvmPlugin)))
[debug] Clause(Atom(sbt.plugins.JvmPlugin),Set(Atom(sbt.plugins.SemanticdbPlugin)))
[debug] Clause(Atom(sbt.plugins.JvmPlugin),Set(Atom(sbt.plugins.JUnitXmlReportPlugin)))
[debug] Clause(Atom(sbt.plugins.CorePlugin),Set(Atom(sbt.plugins.Giter8TemplatePlugin)))
[debug] Clause(Atom(sbt.plugins.JvmPlugin),Set(Atom(sbt.plugins.MiniDependencyTreePlugin))))
[debug]   :: deduced result: Matched(sbt.plugins.CorePlugin,sbt.plugins.Giter8TemplatePlugin,sbt.plugins.IvyPlugin,sbt.plugins.JvmPlugin,sbt.plugins.MiniDependencyTreePlugin,sbt.plugins.JUnitXmlReportPlugin,sbt.plugins.SemanticdbPlugin)
[debug] Plugins.deducer#function took 24.835 ms
[debug]           Load.resolveProject(global-plugins) took 69.9986ms
[debug]         Load.loadTransitive: finalizeProject(Project(id global-plugins, base: C:\Users\DELL\.sbt\1.0\plugins, plugins: List(<none>))) took 124.531ms
[debug] [Loading] Done in C:\Users\DELL\.sbt\1.0\plugins, returning: (global-plugins)
[debug]       Load.loadUnit: loadedProjectsRaw took 151.67ms
[debug]       Load.loadUnit: cleanEvalClasses took 0.268ms
[debug]     Load.loadUnit(file:/C:/Users/DELL/.sbt/1.0/plugins/, ...) took 300.5414ms
[debug]   Load.apply: load took 617.0795ms
[debug]   Load.apply: resolveProjects took 7.0441ms
[debug]   Load.apply: finalTransforms took 63.5811ms
[debug]   Load.apply: config.delegates took 6.6288ms
[debug]   Load.apply: Def.make(settings)... took 489.7506ms
[debug]   Load.apply: structureIndex took 147.6951ms
[debug]   Load.apply: mkStreams took 1.4443ms
[info] loading global plugins from C:\Users\DELL\.sbt\1.0\plugins
[debug] Running task... Cancel: Signal, check cycles: false, forcegc: true
[debug] Load.defaultLoad until apply took 8433.1491ms
[debug]           Load.loadUnit: plugins took 41.9689ms
[debug]           Load.loadUnit: defsScala took 0.0061ms
[debug] [Loading] Scanning directory C:\Users\DELL\Desktop\sparkAssignment\stageproject\clickstream-data-pipeline\project
[debug] [Loading] Found non-root projects 
[debug] [Loading] Done in C:\Users\DELL\Desktop\sparkAssignment\stageproject\clickstream-data-pipeline\project, returning: ()
[debug] deducing auto plugins based on known facts Set(Atom(sbt.plugins.CorePlugin)) and clauses Clauses(Clause(Atom(sbt.plugins.JvmPlugin),Set(Atom(sbt.plugins.IvyPlugin)))
[debug] Clause(Atom(sbt.ScriptedPlugin),Set(Atom(sbt.plugins.JvmPlugin)))
[debug] Clause(Atom(sbt.plugins.SbtPlugin),Set(Atom(sbt.ScriptedPlugin)))
[debug] Clause(Atom(sbt.plugins.SemanticdbPlugin),Set(Atom(sbt.plugins.JvmPlugin)))
[debug] Clause(Atom(sbt.plugins.JUnitXmlReportPlugin),Set(Atom(sbt.plugins.JvmPlugin)))
[debug] Clause(Atom(sbt.plugins.MiniDependencyTreePlugin),Set(Atom(sbt.plugins.JvmPlugin)))
[debug] Clause(Atom(sbt.plugins.CorePlugin),Set(Atom(sbt.plugins.IvyPlugin)))
[debug] Clause(Atom(sbt.plugins.IvyPlugin),Set(Atom(sbt.plugins.JvmPlugin)))
[debug] Clause(Atom(sbt.plugins.JvmPlugin),Set(Atom(sbt.plugins.SemanticdbPlugin)))
[debug] Clause(Atom(sbt.plugins.JvmPlugin),Set(Atom(sbt.plugins.JUnitXmlReportPlugin)))
[debug] Clause(Atom(sbt.plugins.CorePlugin),Set(Atom(sbt.plugins.Giter8TemplatePlugin)))
[debug] Clause(Atom(sbt.plugins.JvmPlugin),Set(Atom(sbt.plugins.MiniDependencyTreePlugin))))
[debug]   :: deduced result: Matched(sbt.plugins.CorePlugin,sbt.plugins.Giter8TemplatePlugin,sbt.plugins.IvyPlugin,sbt.plugins.JvmPlugin,sbt.plugins.MiniDependencyTreePlugin,sbt.plugins.JUnitXmlReportPlugin,sbt.plugins.SemanticdbPlugin)
[debug] Plugins.deducer#function took 2.2901 ms
[debug]               Load.resolveProject(clickstream-data-pipeline-build) took 1.564ms
[debug]             Load.loadTransitive: finalizeProject(Project(id clickstream-data-pipeline-build, base: C:\Users\DELL\Desktop\sparkAssignment\stageproject\clickstream-data-pipeline\project, plugins: List(<none>))) took 4.5725ms
[debug] [Loading] Done in C:\Users\DELL\Desktop\sparkAssignment\stageproject\clickstream-data-pipeline\project, returning: (clickstream-data-pipeline-build)
[debug]           Load.loadUnit: loadedProjectsRaw took 6.9536ms
[debug]           Load.loadUnit: cleanEvalClasses took 0.0398ms
[debug]         Load.loadUnit(file:/C:/Users/DELL/Desktop/sparkAssignment/stageproject/clickstream-data-pipeline/project/, ...) took 50.424ms
[debug]       Load.apply: load took 52.7115ms
[debug]       Load.apply: resolveProjects took 0.3502ms
[debug]       Load.apply: finalTransforms took 11.2042ms
[debug]       Load.apply: config.delegates took 0.6468ms
[debug]       Load.apply: Def.make(settings)... took 141.9904ms
[debug]       Load.apply: structureIndex took 44.2333ms
[debug]       Load.apply: mkStreams took 0.0038ms
[info] loading project definition from C:\Users\DELL\Desktop\sparkAssignment\stageproject\clickstream-data-pipeline\project
[debug] Running task... Cancel: Signal, check cycles: false, forcegc: true
[debug]     Load.loadUnit: plugins took 643.2239ms
[debug]     Load.loadUnit: defsScala took 0.0037ms
[debug] [Loading] Scanning directory C:\Users\DELL\Desktop\sparkAssignment\stageproject\clickstream-data-pipeline
[debug]       Load.loadUnit: mkEval took 13.7056ms
